# JRE version: Java(TM) SE Runtime Environment (8.0_161-b12) (build 1.8.0_161-b12)
# Java VM: Java HotSpot(TM) 64-Bit Server VM (25.161-b12 mixed mode windows-amd64 compressed oops)
Heap:
 PSYoungGen      total 117760K, used 2044K [0x00000000ef000000, 0x00000000fac80000, 0x0000000100000000)
  eden space 104448K, 1% used [0x00000000ef000000,0x00000000ef1ff1f8,0x00000000f5600000)
  from space 13312K, 0% used [0x00000000f5600000,0x00000000f5600000,0x00000000f6300000)
  to   space 12800K, 0% used [0x00000000fa000000,0x00000000fa000000,0x00000000fac80000)
 ParOldGen       total 49152K, used 22977K [0x00000000cd000000, 0x00000000d0000000, 0x00000000ef000000)
  object space 49152K, 46% used [0x00000000cd000000,0x00000000ce6704c0,0x00000000d0000000)
 Metaspace       used 21050K, capacity 21374K, committed 21504K, reserved 1069056K
  class space    used 2688K, capacity 2765K, committed 2816K, reserved 1048576K
GC Heap History (10 events):
Event: 2.225 GC heap before
{Heap before GC invocations=6 (full 0):
 PSYoungGen      total 28672K, used 28640K [0x00000000ef000000, 0x00000000f3500000, 0x0000000100000000)
  eden space 26624K, 100% used [0x00000000ef000000,0x00000000f0a00000,0x00000000f0a00000)
  from space 2048K, 98% used [0x00000000f0a00000,0x00000000f0bf8010,0x00000000f0c00000)
  to   space 8704K, 0% used [0x00000000f2c80000,0x00000000f2c80000,0x00000000f3500000)
 ParOldGen       total 35840K, used 16172K [0x00000000cd000000, 0x00000000cf300000, 0x00000000ef000000)
  object space 35840K, 45% used [0x00000000cd000000,0x00000000cdfcb358,0x00000000cf300000)
 Metaspace       used 12720K, capacity 12900K, committed 13056K, reserved 1060864K
  class space    used 1683K, capacity 1726K, committed 1792K, reserved 1048576K
Event: 2.236 GC heap after
Heap after GC invocations=6 (full 0):
 PSYoungGen      total 61440K, used 6850K [0x00000000ef000000, 0x00000000f3600000, 0x0000000100000000)
  eden space 52736K, 0% used [0x00000000ef000000,0x00000000ef000000,0x00000000f2380000)
  from space 8704K, 78% used [0x00000000f2c80000,0x00000000f3330870,0x00000000f3500000)
  to   space 9216K, 0% used [0x00000000f2380000,0x00000000f2380000,0x00000000f2c80000)
 ParOldGen       total 35840K, used 16172K [0x00000000cd000000, 0x00000000cf300000, 0x00000000ef000000)
  object space 35840K, 45% used [0x00000000cd000000,0x00000000cdfcb358,0x00000000cf300000)
 Metaspace       used 12720K, capacity 12900K, committed 13056K, reserved 1060864K
  class space    used 1683K, capacity 1726K, committed 1792K, reserved 1048576K
}
Event: 4.130 GC heap before
{Heap before GC invocations=7 (full 0):
 PSYoungGen      total 61440K, used 59586K [0x00000000ef000000, 0x00000000f3600000, 0x0000000100000000)
  eden space 52736K, 100% used [0x00000000ef000000,0x00000000f2380000,0x00000000f2380000)
  from space 8704K, 78% used [0x00000000f2c80000,0x00000000f3330870,0x00000000f3500000)
  to   space 9216K, 0% used [0x00000000f2380000,0x00000000f2380000,0x00000000f2c80000)
 ParOldGen       total 35840K, used 16172K [0x00000000cd000000, 0x00000000cf300000, 0x00000000ef000000)
  object space 35840K, 45% used [0x00000000cd000000,0x00000000cdfcb358,0x00000000cf300000)
 Metaspace       used 18224K, capacity 18480K, committed 18688K, reserved 1064960K
  class space    used 2397K, capacity 2464K, committed 2560K, reserved 1048576K
Event: 4.154 GC heap after
Heap after GC invocations=7 (full 0):
 PSYoungGen      total 61952K, used 9203K [0x00000000ef000000, 0x00000000f6f00000, 0x0000000100000000)
  eden space 52736K, 0% used [0x00000000ef000000,0x00000000ef000000,0x00000000f2380000)
  from space 9216K, 99% used [0x00000000f2380000,0x00000000f2c7ccd0,0x00000000f2c80000)
  to   space 12288K, 0% used [0x00000000f6300000,0x00000000f6300000,0x00000000f6f00000)
 ParOldGen       total 35840K, used 19433K [0x00000000cd000000, 0x00000000cf300000, 0x00000000ef000000)
  object space 35840K, 54% used [0x00000000cd000000,0x00000000ce2fa6d0,0x00000000cf300000)
 Metaspace       used 18224K, capacity 18480K, committed 18688K, reserved 1064960K
  class space    used 2397K, capacity 2464K, committed 2560K, reserved 1048576K
}
Event: 5.197 GC heap before
{Heap before GC invocations=8 (full 0):
 PSYoungGen      total 61952K, used 61939K [0x00000000ef000000, 0x00000000f6f00000, 0x0000000100000000)
  eden space 52736K, 100% used [0x00000000ef000000,0x00000000f2380000,0x00000000f2380000)
  from space 9216K, 99% used [0x00000000f2380000,0x00000000f2c7ccd0,0x00000000f2c80000)
  to   space 12288K, 0% used [0x00000000f6300000,0x00000000f6300000,0x00000000f6f00000)
 ParOldGen       total 35840K, used 19433K [0x00000000cd000000, 0x00000000cf300000, 0x00000000ef000000)
  object space 35840K, 54% used [0x00000000cd000000,0x00000000ce2fa6d0,0x00000000cf300000)
 Metaspace       used 19956K, capacity 20250K, committed 20352K, reserved 1067008K
  class space    used 2576K, capacity 2631K, committed 2688K, reserved 1048576K
Event: 5.225 GC heap after
Heap after GC invocations=8 (full 0):
 PSYoungGen      total 116736K, used 10674K [0x00000000ef000000, 0x00000000f7100000, 0x0000000100000000)
  eden space 104448K, 0% used [0x00000000ef000000,0x00000000ef000000,0x00000000f5600000)
  from space 12288K, 86% used [0x00000000f6300000,0x00000000f6d6c950,0x00000000f6f00000)
  to   space 13312K, 0% used [0x00000000f5600000,0x00000000f5600000,0x00000000f6300000)
 ParOldGen       total 35840K, used 20053K [0x00000000cd000000, 0x00000000cf300000, 0x00000000ef000000)
  object space 35840K, 55% used [0x00000000cd000000,0x00000000ce395700,0x00000000cf300000)
 Metaspace       used 19956K, capacity 20250K, committed 20352K, reserved 1067008K
  class space    used 2576K, capacity 2631K, committed 2688K, reserved 1048576K
}
Event: 6.188 GC heap before
{Heap before GC invocations=9 (full 0):
 PSYoungGen      total 116736K, used 64412K [0x00000000ef000000, 0x00000000f7100000, 0x0000000100000000)
  eden space 104448K, 51% used [0x00000000ef000000,0x00000000f247a9f8,0x00000000f5600000)
  from space 12288K, 86% used [0x00000000f6300000,0x00000000f6d6c950,0x00000000f6f00000)
  to   space 13312K, 0% used [0x00000000f5600000,0x00000000f5600000,0x00000000f6300000)
 ParOldGen       total 35840K, used 20053K [0x00000000cd000000, 0x00000000cf300000, 0x00000000ef000000)
  object space 35840K, 55% used [0x00000000cd000000,0x00000000ce395700,0x00000000cf300000)
 Metaspace       used 20860K, capacity 21150K, committed 21248K, reserved 1067008K
  class space    used 2661K, capacity 2733K, committed 2816K, reserved 1048576K
Event: 6.209 GC heap after
Heap after GC invocations=9 (full 0):
 PSYoungGen      total 117760K, used 6733K [0x00000000ef000000, 0x00000000fac80000, 0x0000000100000000)
  eden space 104448K, 0% used [0x00000000ef000000,0x00000000ef000000,0x00000000f5600000)
  from space 13312K, 50% used [0x00000000f5600000,0x00000000f5c934d0,0x00000000f6300000)
  to   space 12800K, 0% used [0x00000000fa000000,0x00000000fa000000,0x00000000fac80000)
 ParOldGen       total 35840K, used 23392K [0x00000000cd000000, 0x00000000cf300000, 0x00000000ef000000)
  object space 35840K, 65% used [0x00000000cd000000,0x00000000ce6d8298,0x00000000cf300000)
 Metaspace       used 20860K, capacity 21150K, committed 21248K, reserved 1067008K
  class space    used 2661K, capacity 2733K, committed 2816K, reserved 1048576K
}
Event: 6.209 GC heap before
{Heap before GC invocations=10 (full 1):
 PSYoungGen      total 117760K, used 6733K [0x00000000ef000000, 0x00000000fac80000, 0x0000000100000000)
  eden space 104448K, 0% used [0x00000000ef000000,0x00000000ef000000,0x00000000f5600000)
  from space 13312K, 50% used [0x00000000f5600000,0x00000000f5c934d0,0x00000000f6300000)
  to   space 12800K, 0% used [0x00000000fa000000,0x00000000fa000000,0x00000000fac80000)
 ParOldGen       total 35840K, used 23392K [0x00000000cd000000, 0x00000000cf300000, 0x00000000ef000000)
  object space 35840K, 65% used [0x00000000cd000000,0x00000000ce6d8298,0x00000000cf300000)
 Metaspace       used 20860K, capacity 21150K, committed 21248K, reserved 1067008K
  class space    used 2661K, capacity 2733K, committed 2816K, reserved 1048576K
Event: 6.337 GC heap after
Heap after GC invocations=10 (full 1):
 PSYoungGen      total 117760K, used 0K [0x00000000ef000000, 0x00000000fac80000, 0x0000000100000000)
  eden space 104448K, 0% used [0x00000000ef000000,0x00000000ef000000,0x00000000f5600000)
  from space 13312K, 0% used [0x00000000f5600000,0x00000000f5600000,0x00000000f6300000)
  to   space 12800K, 0% used [0x00000000fa000000,0x00000000fa000000,0x00000000fac80000)
 ParOldGen       total 49152K, used 22977K [0x00000000cd000000, 0x00000000d0000000, 0x00000000ef000000)
  object space 49152K, 46% used [0x00000000cd000000,0x00000000ce6704c0,0x00000000d0000000)
 Metaspace       used 20860K, capacity 21150K, committed 21248K, reserved 1067008K
  class space    used 2661K, capacity 2733K, committed 2816K, reserved 1048576K
}

